
Computation of meson correlators
--------------------------------

cnfg   base name: openQCD_run_name_4fop_prove1
output base name: mesons_run_name_4fop_prove1

openQCD version: openQCD-1.2, meson version: mesons v1.2rc
The machine is little endian
Configurations are read in exported file format

16x8x8x8 lattice, 8x8x8x8 local lattice
2x1x1x1 process grid, 1x1x1x1 process block size
SF boundary conditions on the quark fields

Random number generator:
level = 0, seed = 73099

Measurements:
nprop     = 2
ncorr     = 3
n4fop     = 2
nnoise    = 100
noisetype = U1
csw       = 1.495100
cF        = 1.000000

eoflg     = 0
Propagator 0:
kappa  = 0.121951
isp    = 0
mu     = 0.000000

Propagator 1:
kappa  = 0.120000
isp    = 1
mu     = 0.000000

Correlator 0:
iprop  = 0 0
type   = 5 5
x0     = 8

Correlator 1:
iprop  = 0 0
type   = 10 5
x0     = 8

Correlator 2:
iprop  = 0 1
type   = 1 1
x0     = 6

icorr = 0 1
icorr = 0 2
Solver 0:
DFL_SAP_GCR solver
nkv = 8
isolv = 1
nmr = 4
ncy = 5
nmx = 128
res = 1.0e-12

Solver 1:
DFL_SAP_GCR solver
nkv = 8
isolv = 1
nmr = 4
ncy = 6
nmx = 128
res = 1.0e-12

SAP block size:
bs = 4 4 4 4

Deflation subspace:
bs = 4 4 4 4
Ns = 20

Deflation projection:
nkv = 16
nmx = 256
res = 1.0e-02

Deflation subspace generation:
kappa = 0.120000
mu = 0.01
ninv = 10
nmr = 4
ncy = 4

Configurations no 1 -> 2 in steps of 1

Configuration no 1
Deflation subspace generation: status = 4
Configuration no 1 fully processed in 1.48e+01 sec (average = 1.48e+01 sec)

Configuration no 2
Deflation subspace generation: status = 4
Configuration no 2 fully processed in 1.50e+01 sec (average = 1.49e+01 sec)

