
Computation of meson correlators with insertion of a deltaF=2 4 fermions operator
--------------------------------

cnfg   base name: odd_prova3
output base name: odd_prova3

openQCD version: openQCD-1.2, meson version: mesons v1.2rc
The machine is little endian
Configurations are read in exported file format

16x16x16x8 lattice, 8x8x8x8 local lattice
2x2x2x1 process grid, 1x1x1x1 process block size
Open boundary conditions on the quark fields

Random number generator:
level = 0, seed = 73099

Measurements:
nprop     = 4
ncorr     = 2
nnoise    = 10
noisetype = U1
csw       = 1.495100
cF        = 1.000000
eoflg     = 0

Propagator 0:
kappa  = 0.121951
isp    = 0
mu     = 0.000000

Propagator 1:
kappa  = 0.120000
isp    = 1
mu     = 0.000000

Propagator 2:
kappa  = 0.121951
isp    = 0
mu     = 0.000000

Propagator 3:
kappa  = 0.120000
isp    = 1
mu     = 0.000000

Correlator 0:
iprop  = 0 1 2 3
gamma_A_B   = 5 5
x0     = 1
z0     = 8

Correlator 1:
iprop  = 0 1 2 3
gamma_A_B   = 5 5
x0     = 1
z0     = 8

Odd DeltaF=2 4 Fermions operators: VA, AV, SP, PS, TT~

Solver 0:
DFL_SAP_GCR solver
nkv = 8
isolv = 1
nmr = 4
ncy = 5
nmx = 128
res = 1.0e-12

Solver 1:
DFL_SAP_GCR solver
nkv = 8
isolv = 1
nmr = 4
ncy = 6
nmx = 128
res = 1.0e-12

SAP block size:
bs = 4 4 4 4

Deflation subspace:
bs = 4 4 4 4
Ns = 20

Deflation projection:
nkv = 16
nmx = 256
res = 1.0e-02

Deflation subspace generation:
kappa = 0.120000
mu = 0.01
ninv = 10
nmr = 4
ncy = 4

Configurations no 1 -> 2 in steps of 1

VA, AV, SP, PS, TT~ operators initializedConfiguration no 1
Deflation subspace generation: status = 4
Inversions for xi_A and zeta_A :
   icorr=0 , x0=1
      noise vector A 0
         type=6, prop=0, status:10 4
         type=5, prop=1, status:7 4
      noise vector A 1
         type=6, prop=0, status:10 4
         type=5, prop=1, status:7 4
      noise vector A 2
         type=6, prop=0, status:10 4
         type=5, prop=1, status:7 4
      noise vector A 3
         type=6, prop=0, status:10 4
         type=5, prop=1, status:7 4
      noise vector A 4
         type=6, prop=0, status:10 4
         type=5, prop=1, status:7 4
      noise vector A 5
         type=6, prop=0, status:10 4
         type=5, prop=1, status:7 4
      noise vector A 6
         type=6, prop=0, status:10 4
         type=5, prop=1, status:7 4
      noise vector A 7
         type=6, prop=0, status:10 4
         type=5, prop=1, status:7 4
      noise vector A 8
         type=6, prop=0, status:10 4
         type=5, prop=1, status:7 4
      noise vector A 9
         type=6, prop=0, status:10 4
         type=5, prop=1, status:7 4
Inversions for xi_B and zeta_B :
   icorr=0 , z0=8
      noise vector B 0
         type=6, prop=2, status:10 4
         type=5, prop=3, status:7 4

Error in mul_GAMMAdag_g5 [odd_df2_4fop.c]:
Unknown or unsupported type
Program aborted

